<?xml version="1.0" encoding="UTF-8"?>
<!-- Generated by org.testng.reporters.JUnitReportReporter -->
<testsuite skipped="0" hostname="hebatullah-Inspiron-5520" name="tests.AddCustomerTest" tests="1" failures="0" timestamp="2021-06-12T17:26:16 EET" time="1.926" errors="0">
  <testcase name="userCanAddCustomer" time="1.926" classname="tests.AddCustomerTest"/>
  <system-out/>
</testsuite> <!-- tests.AddCustomerTest -->
